[debug] [2023-09-08T21:41:30.372Z] ----------------------------------------------------------------------
[debug] [2023-09-08T21:41:30.376Z] Command:       C:\Program Files\nodejs\node.exe C:\Users\iamna\AppData\Roaming\npm\node_modules\firebase-tools\lib\bin\firebase.js deploy
[debug] [2023-09-08T21:41:30.377Z] CLI Version:   12.1.0
[debug] [2023-09-08T21:41:30.377Z] Platform:      win32
[debug] [2023-09-08T21:41:30.378Z] Node Version:  v18.9.0
[debug] [2023-09-08T21:41:30.380Z] Time:          Sat Sep 09 2023 03:41:30 GMT+0600 (Bangladesh Standard Time)
[debug] [2023-09-08T21:41:30.380Z] ----------------------------------------------------------------------
[debug] 
[debug] [2023-09-08T21:41:30.571Z] > command requires scopes: ["email","openid","https://www.googleapis.com/auth/cloudplatformprojects.readonly","https://www.googleapis.com/auth/firebase","https://www.googleapis.com/auth/cloud-platform"]
[debug] [2023-09-08T21:41:30.572Z] > authorizing via signed-in user (iamnahid591998@gmail.com)
[debug] [2023-09-08T21:41:30.573Z] [iam] checking project doc-house-5652e for permissions ["firebase.projects.get","firebasehosting.sites.update"]
[debug] [2023-09-08T21:41:30.579Z] >>> [apiv2][query] POST https://cloudresourcemanager.googleapis.com/v1/projects/doc-house-5652e:testIamPermissions [none]
[debug] [2023-09-08T21:41:30.580Z] >>> [apiv2][(partial)header] POST https://cloudresourcemanager.googleapis.com/v1/projects/doc-house-5652e:testIamPermissions x-goog-quota-user=projects/doc-house-5652e
[debug] [2023-09-08T21:41:30.581Z] >>> [apiv2][body] POST https://cloudresourcemanager.googleapis.com/v1/projects/doc-house-5652e:testIamPermissions {"permissions":["firebase.projects.get","firebasehosting.sites.update"]}
[debug] [2023-09-08T21:41:32.091Z] <<< [apiv2][status] POST https://cloudresourcemanager.googleapis.com/v1/projects/doc-house-5652e:testIamPermissions 200
[debug] [2023-09-08T21:41:32.092Z] <<< [apiv2][body] POST https://cloudresourcemanager.googleapis.com/v1/projects/doc-house-5652e:testIamPermissions {"permissions":["firebase.projects.get","firebasehosting.sites.update"]}
[debug] [2023-09-08T21:41:32.095Z] >>> [apiv2][query] GET https://firebase.googleapis.com/v1beta1/projects/doc-house-5652e [none]
[debug] [2023-09-08T21:41:32.671Z] <<< [apiv2][status] GET https://firebase.googleapis.com/v1beta1/projects/doc-house-5652e 200
[debug] [2023-09-08T21:41:32.671Z] <<< [apiv2][body] GET https://firebase.googleapis.com/v1beta1/projects/doc-house-5652e {"projectId":"doc-house-5652e","projectNumber":"986241023562","displayName":"Doc House","name":"projects/doc-house-5652e","resources":{"hostingSite":"doc-house-5652e"},"state":"ACTIVE","etag":"1_d6de1cf3-89d4-459e-842e-0810825bdad6"}
[debug] [2023-09-08T21:43:02.665Z] Error: Unable to find the next dep, try NPM installing?
    at getConfig (C:\Users\iamna\AppData\Roaming\npm\node_modules\firebase-tools\lib\frameworks\next\index.js:381:19)
    at build (C:\Users\iamna\AppData\Roaming\npm\node_modules\firebase-tools\lib\frameworks\next\index.js:61:56)
    at async prepareFrameworks (C:\Users\iamna\AppData\Roaming\npm\node_modules\firebase-tools\lib\frameworks\index.js:207:122)
    at async deploy (C:\Users\iamna\AppData\Roaming\npm\node_modules\firebase-tools\lib\deploy\index.js:55:13)
[error] 
[error] Error: An unexpected error has occurred.
